<?xml version="1.0" encoding="UTF-8"?>
<!-- Generated by org.testng.reporters.JUnitXMLReporter -->
<testsuite hostname="Riyana_Saffrin" ignored="0" name="Default test" tests="9" failures="0" timestamp="2022-10-18T12:49:08 IST" time="159.961" errors="0">
  <testcase name="loadTime" time="47.004" classname="com.test.flipkart"/>
  <testcase name="search" time="1.868" classname="com.test.flipkart"/>
  <testcase name="scroll" time="2.801" classname="com.test.flipkart"/>
  <testcase name="contentRefresh" time="9.515" classname="com.test.flipkart"/>
  <testcase name="imageDisplay" time="7.247" classname="com.test.flipkart"/>
  <testcase name="bottomScroll" time="7.115" classname="com.test.flipkart"/>
  <testcase name="imgHeight" time="1.446" classname="com.test.flipkart"/>
  <testcase name="diffBrowChrome" time="1.455" classname="com.test.flipkart"/>
  <testcase name="diffBrowEdge" time="78.397" classname="com.test.flipkart"/>
</testsuite> <!-- Default test -->
